2012/08/08 21:05:27 [error] [php] include(RecentComments111.php): failed to open stream: No such file or directory (/home/kainov/Webserver/Avto.local/yii/framework/YiiBase.php:423)
Stack trace:
#0 /home/kainov/Webserver/Avto.local/yii/framework/web/CWidgetFactory.php(147): import()
#1 /home/kainov/Webserver/Avto.local/yii/framework/web/CBaseController.php(147): CWidgetFactory->createWidget()
#2 /home/kainov/Webserver/Avto.local/yii/framework/web/CBaseController.php(173): PostController->createWidget()
#3 /home/kainov/Webserver/Avto.local/www/blog/protected/views/layouts/column2.php(18): PostController->widget()
#4 /home/kainov/Webserver/Avto.local/yii/framework/web/CBaseController.php(127): require()
#5 /home/kainov/Webserver/Avto.local/yii/framework/web/CBaseController.php(96): PostController->renderInternal()
#6 /home/kainov/Webserver/Avto.local/yii/framework/web/CController.php(785): PostController->renderFile()
#7 /home/kainov/Webserver/Avto.local/www/blog/protected/controllers/PostController.php(54): PostController->render()
#8 /home/kainov/Webserver/Avto.local/yii/framework/web/actions/CInlineAction.php(50): PostController->actionView()
#9 /home/kainov/Webserver/Avto.local/yii/framework/web/CController.php(309): CInlineAction->runWithParams()
#10 /home/kainov/Webserver/Avto.local/yii/framework/web/filters/CFilterChain.php(134): PostController->runAction()
#11 /home/kainov/Webserver/Avto.local/yii/framework/web/filters/CFilter.php(41): CFilterChain->run()
#12 /home/kainov/Webserver/Avto.local/yii/framework/web/CController.php(1146): CAccessControlFilter->filter()
#13 /home/kainov/Webserver/Avto.local/yii/framework/web/filters/CInlineFilter.php(59): PostController->filterAccessControl()
#14 /home/kainov/Webserver/Avto.local/yii/framework/web/filters/CFilterChain.php(131): CInlineFilter->filter()
#15 /home/kainov/Webserver/Avto.local/yii/framework/web/CController.php(292): CFilterChain->run()
#16 /home/kainov/Webserver/Avto.local/yii/framework/web/CController.php(266): PostController->runActionWithFilters()
#17 /home/kainov/Webserver/Avto.local/yii/framework/web/CWebApplication.php(283): PostController->run()
#18 /home/kainov/Webserver/Avto.local/yii/framework/web/CWebApplication.php(142): CWebApplication->runController()
#19 /home/kainov/Webserver/Avto.local/yii/framework/base/CApplication.php(162): CWebApplication->processRequest()
#20 /home/kainov/Webserver/Avto.local/www/blog/index.php(11): CWebApplication->run()
REQUEST_URI=/blog/index.php/post/10/%D0%98+%D1%82%D0%B0%D0%BA+%D0%BD%D0%B0%D1%87%D0%B8%D0%BD%D0%B0%D1%8E+%D1%83%D1%87%D0%B8%D1%82%D1%8C+%D0%BE%D0%BF%D1%8F%D1%82%D1%8C+%D0%A3%D0%98%D0%98
